TN:
SF:script/DeployTest.s.sol
FN:14,DeployTestnet.setUp
FNDA:0,DeployTestnet.setUp
FN:16,DeployTestnet.run
FNDA:0,DeployTestnet.run
DA:18,0
DA:19,0
DA:21,0
DA:23,0
DA:24,0
DA:25,0
DA:26,0
DA:27,0
DA:28,0
DA:30,0
DA:32,0
FNF:2
FNH:0
LF:11
LH:0
BRF:0
BRH:0
end_of_record
TN:
SF:src/ECDSADistributor.sol
FN:94,ECDSADistributor.
FNDA:0,ECDSADistributor.
DA:98,0
FN:114,ECDSADistributor.claim
FNDA:64,ECDSADistributor.claim
DA:117,63
BRDA:117,0,0,3
DA:119,3
BRDA:119,1,0,2
DA:122,61
DA:126,59
DA:127,57
DA:132,57
DA:134,55
DA:136,54
DA:141,53
DA:142,53
DA:144,53
DA:145,53
FN:158,ECDSADistributor.claimMultiple
FNDA:32,ECDSADistributor.claimMultiple
DA:161,31
BRDA:161,6,0,2
BRDA:161,7,0,1
DA:163,1
DA:165,30
DA:166,30
DA:169,30
DA:170,1
DA:172,29
DA:174,28
DA:175,51
DA:177,51
DA:178,51
DA:180,51
DA:183,51
DA:187,49
DA:188,48
DA:191,47
DA:192,46
DA:194,46
DA:195,46
DA:199,45
DA:202,45
DA:204,22
DA:206,22
FN:209,ECDSADistributor._claim
FNDA:106,ECDSADistributor._claim
DA:213,106
DA:218,106
DA:220,106
FN:226,ECDSADistributor.setupRounds
FNDA:50,ECDSADistributor.setupRounds
DA:229,50
DA:232,49
DA:233,49
DA:234,48
DA:237,47
DA:238,47
DA:240,47
DA:241,94
DA:245,94
DA:246,93
DA:249,93
DA:252,92
DA:255,92
DA:258,45
DA:259,45
FN:270,ECDSADistributor.updateDeadline
FNDA:17,ECDSADistributor.updateDeadline
DA:275,17
DA:277,16
DA:279,15
DA:280,15
FN:284,ECDSADistributor.updateOperator
FNDA:1,ECDSADistributor.updateOperator
DA:287,1
DA:290,1
DA:291,1
FN:310,ECDSADistributor.deposit
FNDA:44,ECDSADistributor.deposit
DA:310,44
DA:312,43
DA:314,42
DA:315,42
DA:318,81
DA:319,81
DA:322,81
DA:326,80
DA:328,78
DA:331,78
DA:333,39
DA:334,39
DA:336,39
DA:338,39
FN:349,ECDSADistributor.withdraw
FNDA:5,ECDSADistributor.withdraw
DA:350,5
DA:352,4
DA:356,2
DA:357,1
DA:358,1
DA:360,1
FN:368,ECDSADistributor.pause
FNDA:8,ECDSADistributor.pause
DA:370,8
FN:376,ECDSADistributor.unpause
FNDA:2,ECDSADistributor.unpause
DA:376,2
DA:377,1
FN:397,ECDSADistributor.freeze
FNDA:5,ECDSADistributor.freeze
DA:398,5
DA:400,4
DA:401,4
FN:406,ECDSADistributor.emergencyExit
FNDA:2,ECDSADistributor.emergencyExit
DA:409,2
DA:411,1
DA:416,1
DA:417,1
FN:421,ECDSADistributor.hashTypedDataV4
FNDA:323,ECDSADistributor.hashTypedDataV4
DA:424,323
FN:426,ECDSADistributor.domainSeparatorV4
FNDA:0,ECDSADistributor.domainSeparatorV4
DA:431,0
FNF:15
FNH:13
LF:93
LH:91
BRF:4
BRH:4
end_of_record
TN:
SF:test/ECDSATest.t.sol
FN:61,StateDeploy.setUp
FNDA:49,StateDeploy.setUp
DA:64,49
DA:65,49
DA:67,49
DA:68,49
DA:69,49
DA:70,49
DA:74,49
DA:76,49
DA:77,49
DA:80,49
DA:81,49
DA:84,49
DA:87,49
DA:89,49
DA:91,49
DA:93,49
DA:96,49
DA:102,49
DA:105,49
DA:106,49
DA:107,49
DA:109,49
DA:110,49
DA:112,49
FN:113,StateDeploy.generateSignature
FNDA:0,StateDeploy.generateSignature
DA:119,294
DA:121,294
DA:123,294
FN:260,StateSetup.setUp
FNDA:40,StateSetup.setUp
DA:261,40
DA:262,40
DA:263,40
DA:268,40
DA:270,40
DA:272,40
DA:273,40
DA:276,40
DA:277,40
DA:278,40
FN:378,StateDeposited.setUp
FNDA:34,StateDeposited.setUp
DA:379,34
DA:381,34
DA:382,34
DA:383,34
DA:384,34
FN:515,StateRoundOne.setUp
FNDA:26,StateRoundOne.setUp
DA:517,26
DA:518,26
FN:588,StateRoundTwo.setUp
FNDA:24,StateRoundTwo.setUp
DA:588,24
DA:589,24
FN:788,StateBothRoundsClaimed.setUp
FNDA:18,StateBothRoundsClaimed.setUp
DA:788,18
DA:789,18
DA:790,18
DA:791,18
DA:793,18
DA:794,18
DA:795,18
DA:796,18
DA:798,18
DA:799,18
FN:876,StateUpdateDeadline.setUp
FNDA:14,StateUpdateDeadline.setUp
DA:878,14
DA:880,14
DA:881,14
FN:1037,StatePaused.setUp
FNDA:8,StatePaused.setUp
DA:1038,8
DA:1040,8
FN:1104,StateFrozen.setUp
FNDA:3,StateFrozen.setUp
DA:1105,3
DA:1106,3
DA:1107,3
FNF:10
FNH:9
LF:64
LH:64
BRF:0
BRH:0
end_of_record
TN:
SF:test/ECDSATestERC777.t.sol
FN:73,StateDeploy.setUp
FNDA:2,StateDeploy.setUp
DA:75,2
DA:76,2
DA:78,2
DA:79,2
DA:80,2
DA:82,2
DA:83,2
DA:87,2
DA:89,2
DA:90,2
DA:91,2
DA:94,2
DA:98,2
DA:101,2
DA:103,2
DA:107,2
DA:109,2
DA:110,2
DA:112,2
DA:113,2
DA:118,2
DA:119,2
DA:123,2
DA:124,2
DA:126,2
DA:127,2
DA:129,2
DA:130,2
DA:132,2
FN:133,StateDeploy.generateSignature
FNDA:0,StateDeploy.generateSignature
DA:136,16
DA:139,16
DA:141,16
DA:143,16
FN:146,StateSetup.setUp
FNDA:2,StateSetup.setUp
DA:151,2
DA:153,2
DA:154,2
DA:155,2
DA:158,2
DA:160,2
DA:161,2
DA:162,2
DA:164,2
FN:166,StateDeposited.setUp
FNDA:2,StateDeposited.setUp
DA:169,2
DA:173,2
DA:175,2
DA:176,2
DA:178,2
DA:179,2
FN:183,StateRoundOne.setUp
FNDA:2,StateRoundOne.setUp
DA:185,2
DA:190,2
DA:191,2
FN:197,StateRoundTwo.setUp
FNDA:2,StateRoundTwo.setUp
DA:199,2
DA:201,2
FNF:6
FNH:5
LF:53
LH:53
BRF:0
BRH:0
end_of_record
TN:
SF:test/ECDSATestToxicToken.t.sol
FN:59,StateDeploy.setUp
FNDA:2,StateDeploy.setUp
DA:62,2
DA:63,2
DA:65,2
DA:66,2
DA:67,2
DA:68,2
DA:72,2
DA:74,2
DA:75,2
DA:78,2
DA:79,2
DA:82,2
DA:85,2
DA:87,2
DA:89,2
DA:91,2
DA:94,2
DA:100,2
DA:103,2
DA:104,2
DA:105,2
DA:107,2
DA:108,2
DA:110,2
FN:111,StateDeploy.generateSignature
FNDA:0,StateDeploy.generateSignature
DA:117,12
DA:119,12
DA:121,12
FN:127,StateSetup.setUp
FNDA:2,StateSetup.setUp
DA:129,2
DA:130,2
DA:131,2
DA:133,2
DA:134,2
DA:136,2
DA:138,2
DA:139,2
DA:140,2
DA:142,2
DA:143,2
FN:146,StateDeposited.setUp
FNDA:2,StateDeposited.setUp
DA:147,2
DA:151,2
DA:153,2
DA:154,2
DA:156,2
DA:157,2
DA:158,2
FN:161,StateRoundOne.setUp
FNDA:2,StateRoundOne.setUp
DA:164,2
DA:169,2
DA:171,2
FN:175,StateRoundTwo.setUp
FNDA:2,StateRoundTwo.setUp
DA:178,2
DA:182,2
FNF:6
FNH:5
LF:50
LH:50
BRF:0
BRH:0
end_of_record
TN:
SF:test/MockAttackContract.sol
FN:8,MockAttackContract.
FNDA:0,MockAttackContract.
DA:11,0
FN:12,MockAttackContract.claim
FNDA:2,MockAttackContract.claim
DA:15,2
FN:17,MockAttackContract.claimMultiple
FNDA:2,MockAttackContract.claimMultiple
DA:20,2
FNF:3
FNH:2
LF:3
LH:2
BRF:0
BRH:0
end_of_record
TN:
SF:test/MockCallbackToken.sol
FN:6,MockCallbackToken.mint
FNDA:4,MockCallbackToken.mint
DA:8,4
FN:10,MockCallbackToken.burn
FNDA:0,MockCallbackToken.burn
DA:12,0
FNF:2
FNH:1
LF:2
LH:1
BRF:0
BRH:0
end_of_record
