TN:
SF:script/DeployTest.s.sol
FN:14,DeployTestnet.setUp
FNDA:0,DeployTestnet.setUp
FN:16,DeployTestnet.run
FNDA:0,DeployTestnet.run
DA:18,0
DA:19,0
DA:21,0
DA:23,0
DA:24,0
DA:25,0
DA:26,0
DA:27,0
DA:28,0
DA:30,0
DA:32,0
FNF:2
FNH:0
LF:11
LH:0
BRF:0
BRH:0
end_of_record
TN:
SF:src/ECDSADistributor.sol
FN:81,ECDSADistributor.
FNDA:0,ECDSADistributor.
DA:84,0
DA:85,0
FN:100,ECDSADistributor.claim
FNDA:64,ECDSADistributor.claim
DA:103,63
DA:105,3
BRDA:105,0,0,3
BRDA:105,1,0,2
DA:108,61
DA:113,59
DA:118,57
DA:120,55
DA:122,54
DA:124,54
DA:127,53
DA:128,53
DA:130,53
DA:131,53
FN:144,ECDSADistributor.claimMultiple
FNDA:32,ECDSADistributor.claimMultiple
DA:147,31
BRDA:147,6,0,2
DA:149,1
BRDA:149,7,0,1
DA:150,30
DA:151,30
DA:152,30
DA:156,30
DA:158,29
DA:160,28
DA:161,51
DA:163,51
DA:164,51
DA:166,51
DA:169,51
DA:173,49
DA:174,48
DA:177,47
DA:178,46
DA:180,46
DA:183,46
DA:187,45
DA:188,45
DA:190,22
DA:191,22
DA:192,22
FN:196,ECDSADistributor._claim
FNDA:106,ECDSADistributor._claim
DA:199,106
DA:204,106
DA:206,106
FN:213,ECDSADistributor.setupRounds
FNDA:51,ECDSADistributor.setupRounds
DA:216,51
DA:218,50
DA:219,50
DA:220,49
DA:224,48
DA:226,48
DA:227,94
DA:228,96
DA:231,96
DA:232,95
DA:235,95
DA:238,94
DA:242,94
DA:244,46
DA:245,46
DA:246,46
FN:256,ECDSADistributor.updateDeadline
FNDA:17,ECDSADistributor.updateDeadline
DA:261,17
DA:263,16
DA:265,16
DA:266,15
FN:270,ECDSADistributor.updateOperator
FNDA:256,ECDSADistributor.updateOperator
DA:273,256
DA:277,256
FN:296,ECDSADistributor.deposit
FNDA:45,ECDSADistributor.deposit
DA:297,45
DA:298,44
DA:299,44
DA:301,43
DA:302,80
DA:304,83
DA:305,83
DA:308,83
DA:312,82
DA:316,80
DA:317,80
DA:319,40
DA:320,40
DA:322,40
DA:323,40
DA:325,40
FN:335,ECDSADistributor.withdraw
FNDA:5,ECDSADistributor.withdraw
DA:337,5
DA:339,4
DA:343,2
DA:344,1
DA:345,1
DA:346,1
DA:348,1
FN:354,ECDSADistributor.pause
FNDA:8,ECDSADistributor.pause
DA:356,8
FN:362,ECDSADistributor.unpause
FNDA:2,ECDSADistributor.unpause
DA:363,2
DA:364,1
FN:383,ECDSADistributor.freeze
FNDA:5,ECDSADistributor.freeze
DA:384,5
DA:387,4
FN:392,ECDSADistributor.emergencyExit
FNDA:2,ECDSADistributor.emergencyExit
DA:395,2
DA:397,1
DA:400,1
DA:402,1
DA:403,1
FN:407,ECDSADistributor.hashTypedDataV4
FNDA:329,ECDSADistributor.hashTypedDataV4
DA:410,329
FN:414,ECDSADistributor.domainSeparatorV4
FNDA:0,ECDSADistributor.domainSeparatorV4
DA:417,0
FNF:15
FNH:13
LF:98
LH:95
BRF:4
BRH:4
end_of_record
TN:
SF:test/ECDSATest.t.sol
FN:61,StateDeploy.setUp
FNDA:49,StateDeploy.setUp
DA:64,49
DA:65,49
DA:67,49
DA:68,49
DA:69,49
DA:70,49
DA:74,49
DA:76,49
DA:77,49
DA:80,49
DA:81,49
DA:84,49
DA:87,49
DA:89,49
DA:91,49
DA:93,49
DA:96,49
DA:102,49
DA:105,49
DA:106,49
DA:107,49
DA:109,49
DA:110,49
DA:112,49
FN:113,StateDeploy.generateSignature
FNDA:0,StateDeploy.generateSignature
DA:119,294
DA:121,294
DA:123,294
FN:260,StateSetup.setUp
FNDA:40,StateSetup.setUp
DA:261,40
DA:262,40
DA:263,40
DA:268,40
DA:270,40
DA:272,40
DA:273,40
DA:276,40
DA:277,40
DA:278,40
FN:378,StateDeposited.setUp
FNDA:34,StateDeposited.setUp
DA:379,34
DA:381,34
DA:382,34
DA:383,34
DA:384,34
FN:515,StateRoundOne.setUp
FNDA:26,StateRoundOne.setUp
DA:517,26
DA:518,26
FN:588,StateRoundTwo.setUp
FNDA:24,StateRoundTwo.setUp
DA:588,24
DA:589,24
FN:788,StateBothRoundsClaimed.setUp
FNDA:18,StateBothRoundsClaimed.setUp
DA:788,18
DA:789,18
DA:790,18
DA:791,18
DA:793,18
DA:794,18
DA:795,18
DA:796,18
DA:798,18
DA:799,18
FN:876,StateUpdateDeadline.setUp
FNDA:14,StateUpdateDeadline.setUp
DA:878,14
DA:880,14
DA:881,14
FN:1037,StatePaused.setUp
FNDA:8,StatePaused.setUp
DA:1038,8
DA:1040,8
FN:1104,StateFrozen.setUp
FNDA:3,StateFrozen.setUp
DA:1105,3
DA:1106,3
DA:1107,3
FNF:10
FNH:9
LF:64
LH:64
BRF:0
BRH:0
end_of_record
TN:
SF:test/ECDSATestERC777.t.sol
FN:73,StateDeploy.setUp
FNDA:2,StateDeploy.setUp
DA:75,2
DA:76,2
DA:78,2
DA:79,2
DA:80,2
DA:82,2
DA:83,2
DA:87,2
DA:89,2
DA:90,2
DA:91,2
DA:94,2
DA:98,2
DA:101,2
DA:103,2
DA:107,2
DA:109,2
DA:110,2
DA:112,2
DA:113,2
DA:118,2
DA:119,2
DA:123,2
DA:124,2
DA:126,2
DA:127,2
DA:129,2
DA:130,2
DA:132,2
FN:133,StateDeploy.generateSignature
FNDA:0,StateDeploy.generateSignature
DA:136,16
DA:139,16
DA:141,16
DA:143,16
FN:146,StateSetup.setUp
FNDA:2,StateSetup.setUp
DA:151,2
DA:153,2
DA:154,2
DA:155,2
DA:158,2
DA:160,2
DA:161,2
DA:162,2
DA:164,2
FN:166,StateDeposited.setUp
FNDA:2,StateDeposited.setUp
DA:169,2
DA:173,2
DA:175,2
DA:176,2
DA:178,2
DA:179,2
FN:183,StateRoundOne.setUp
FNDA:2,StateRoundOne.setUp
DA:185,2
DA:190,2
DA:191,2
FN:197,StateRoundTwo.setUp
FNDA:2,StateRoundTwo.setUp
DA:199,2
DA:201,2
FNF:6
FNH:5
LF:53
LH:53
BRF:0
BRH:0
end_of_record
TN:
SF:test/ECDSATestTaxToken.t.sol
FN:64,StateDeploy.setUp
FNDA:1,StateDeploy.setUp
DA:67,1
DA:70,1
DA:71,1
DA:72,1
DA:73,1
DA:74,1
DA:78,1
DA:80,1
DA:81,1
DA:82,1
DA:85,1
DA:89,1
DA:92,1
DA:94,1
DA:95,1
DA:98,1
DA:101,1
DA:106,1
DA:107,1
DA:111,1
DA:112,1
DA:114,1
DA:115,1
DA:117,1
FN:118,StateDeploy.generateSignature
FNDA:0,StateDeploy.generateSignature
DA:124,6
DA:126,6
DA:128,6
FN:132,StateSetup.setUp
FNDA:1,StateSetup.setUp
DA:136,1
DA:137,1
DA:138,1
DA:140,1
DA:143,1
DA:145,1
DA:146,1
DA:147,1
DA:149,1
FNF:3
FNH:2
LF:36
LH:36
BRF:0
BRH:0
end_of_record
TN:
SF:test/ECDSATestToxicToken.t.sol
FN:59,StateDeploy.setUp
FNDA:2,StateDeploy.setUp
DA:62,2
DA:63,2
DA:65,2
DA:66,2
DA:67,2
DA:68,2
DA:72,2
DA:74,2
DA:75,2
DA:78,2
DA:79,2
DA:82,2
DA:85,2
DA:87,2
DA:89,2
DA:91,2
DA:94,2
DA:100,2
DA:103,2
DA:104,2
DA:105,2
DA:107,2
DA:108,2
DA:110,2
FN:111,StateDeploy.generateSignature
FNDA:0,StateDeploy.generateSignature
DA:117,12
DA:119,12
DA:121,12
FN:127,StateSetup.setUp
FNDA:2,StateSetup.setUp
DA:129,2
DA:130,2
DA:131,2
DA:133,2
DA:134,2
DA:136,2
DA:138,2
DA:139,2
DA:140,2
DA:142,2
DA:143,2
FN:146,StateDeposited.setUp
FNDA:2,StateDeposited.setUp
DA:147,2
DA:151,2
DA:153,2
DA:154,2
DA:156,2
DA:157,2
DA:158,2
FN:161,StateRoundOne.setUp
FNDA:2,StateRoundOne.setUp
DA:164,2
DA:169,2
DA:171,2
FN:175,StateRoundTwo.setUp
FNDA:2,StateRoundTwo.setUp
DA:178,2
DA:182,2
FNF:6
FNH:5
LF:50
LH:50
BRF:0
BRH:0
end_of_record
TN:
SF:test/MockAttackContract.sol
FN:8,MockAttackContract.
FNDA:0,MockAttackContract.
DA:11,0
FN:12,MockAttackContract.claim
FNDA:2,MockAttackContract.claim
DA:15,2
FN:17,MockAttackContract.claimMultiple
FNDA:2,MockAttackContract.claimMultiple
DA:20,2
FNF:3
FNH:2
LF:3
LH:2
BRF:0
BRH:0
end_of_record
TN:
SF:test/MockCallbackToken.sol
FN:6,MockCallbackToken.mint
FNDA:4,MockCallbackToken.mint
DA:8,4
FN:10,MockCallbackToken.burn
FNDA:0,MockCallbackToken.burn
DA:12,0
FNF:2
FNH:1
LF:2
LH:1
BRF:0
BRH:0
end_of_record
TN:
SF:test/MockTaxToken.sol
FN:6,MockTaxToken._update
FNDA:2,MockTaxToken._update
DA:8,2
DA:9,2
FN:11,MockTaxToken.mint
FNDA:1,MockTaxToken.mint
DA:13,1
FN:14,MockTaxToken.burn
FNDA:0,MockTaxToken.burn
DA:17,0
FNF:3
FNH:2
LF:4
LH:3
BRF:0
BRH:0
end_of_record
